# JRE version: OpenJDK Runtime Environment (11.0+28) (build 11+28)
# Java VM: OpenJDK 64-Bit Server VM (11+28, mixed mode, tiered, compressed oops, g1 gc, windows-amd64)
Heap:
 garbage-first heap   total 262144K, used 161513K [0x00000000e0000000, 0x0000000100000000)
  region size 1024K, 31 young (31744K), 11 survivors (11264K)
 Metaspace       used 79364K, capacity 82361K, committed 82940K, reserved 456704K
  class space    used 9990K, capacity 11154K, committed 11340K, reserved 385024K
GC Heap History (10 events):
Event: 303.849 GC heap before
{Heap before GC invocations=35 (full 0):
 garbage-first heap   total 262144K, used 140159K [0x00000000e0000000, 0x0000000100000000)
  region size 1024K, 12 young (12288K), 5 survivors (5120K)
 Metaspace       used 79207K, capacity 82156K, committed 82940K, reserved 456704K
  class space    used 9989K, capacity 11153K, committed 11340K, reserved 385024K
}
Event: 303.864 GC heap after
{Heap after GC invocations=36 (full 0):
 garbage-first heap   total 262144K, used 110289K [0x00000000e0000000, 0x0000000100000000)
  region size 1024K, 2 young (2048K), 2 survivors (2048K)
 Metaspace       used 79207K, capacity 82156K, committed 82940K, reserved 456704K
  class space    used 9989K, capacity 11153K, committed 11340K, reserved 385024K
}
Event: 303.922 GC heap before
{Heap before GC invocations=36 (full 0):
 garbage-first heap   total 262144K, used 120529K [0x00000000e0000000, 0x0000000100000000)
  region size 1024K, 12 young (12288K), 2 survivors (2048K)
 Metaspace       used 79207K, capacity 82156K, committed 82940K, reserved 456704K
  class space    used 9989K, capacity 11153K, committed 11340K, reserved 385024K
}
Event: 303.928 GC heap after
{Heap after GC invocations=37 (full 0):
 garbage-first heap   total 262144K, used 110576K [0x00000000e0000000, 0x0000000100000000)
  region size 1024K, 2 young (2048K), 2 survivors (2048K)
 Metaspace       used 79207K, capacity 82156K, committed 82940K, reserved 456704K
  class space    used 9989K, capacity 11153K, committed 11340K, reserved 385024K
}
Event: 305.449 GC heap before
{Heap before GC invocations=37 (full 0):
 garbage-first heap   total 262144K, used 196592K [0x00000000e0000000, 0x0000000100000000)
  region size 1024K, 86 young (88064K), 2 survivors (2048K)
 Metaspace       used 79254K, capacity 82230K, committed 82940K, reserved 456704K
  class space    used 9990K, capacity 11154K, committed 11340K, reserved 385024K
}
Event: 305.461 GC heap after
{Heap after GC invocations=38 (full 0):
 garbage-first heap   total 262144K, used 117732K [0x00000000e0000000, 0x0000000100000000)
  region size 1024K, 8 young (8192K), 8 survivors (8192K)
 Metaspace       used 79254K, capacity 82230K, committed 82940K, reserved 456704K
  class space    used 9990K, capacity 11154K, committed 11340K, reserved 385024K
}
Event: 307.206 GC heap before
{Heap before GC invocations=38 (full 0):
 garbage-first heap   total 262144K, used 202724K [0x00000000e0000000, 0x0000000100000000)
  region size 1024K, 91 young (93184K), 8 survivors (8192K)
 Metaspace       used 79276K, capacity 82231K, committed 82940K, reserved 456704K
  class space    used 9990K, capacity 11154K, committed 11340K, reserved 385024K
}
Event: 307.222 GC heap after
{Heap after GC invocations=39 (full 0):
 garbage-first heap   total 262144K, used 128340K [0x00000000e0000000, 0x0000000100000000)
  region size 1024K, 11 young (11264K), 11 survivors (11264K)
 Metaspace       used 79276K, capacity 82231K, committed 82940K, reserved 456704K
  class space    used 9990K, capacity 11154K, committed 11340K, reserved 385024K
}
Event: 309.359 GC heap before
{Heap before GC invocations=39 (full 0):
 garbage-first heap   total 262144K, used 206164K [0x00000000e0000000, 0x0000000100000000)
  region size 1024K, 87 young (89088K), 11 survivors (11264K)
 Metaspace       used 79318K, capacity 82297K, committed 82940K, reserved 456704K
  class space    used 9990K, capacity 11154K, committed 11340K, reserved 385024K
}
Event: 309.379 GC heap after
{Heap after GC invocations=40 (full 0):
 garbage-first heap   total 262144K, used 142057K [0x00000000e0000000, 0x0000000100000000)
  region size 1024K, 11 young (11264K), 11 survivors (11264K)
 Metaspace       used 79318K, capacity 82297K, committed 82940K, reserved 456704K
  class space    used 9990K, capacity 11154K, committed 11340K, reserved 385024K
}

