# JRE version: OpenJDK Runtime Environment (11.0+28) (build 11+28)
# Java VM: OpenJDK 64-Bit Server VM (11+28, mixed mode, tiered, compressed oops, g1 gc, windows-amd64)
Heap:
 garbage-first heap   total 131072K, used 55546K [0x00000000e0000000, 0x0000000100000000)
  region size 1024K, 47 young (48128K), 5 survivors (5120K)
 Metaspace       used 30069K, capacity 31065K, committed 31152K, reserved 1077248K
  class space    used 3695K, capacity 4060K, committed 4096K, reserved 1048576K
GC Heap History (10 events):
Event: 1.493 GC heap before
{Heap before GC invocations=1 (full 0):
 garbage-first heap   total 131072K, used 13154K [0x00000000e0000000, 0x0000000100000000)
  region size 1024K, 6 young (6144K), 2 survivors (2048K)
 Metaspace       used 10348K, capacity 10618K, committed 10880K, reserved 1058816K
  class space    used 1046K, capacity 1144K, committed 1152K, reserved 1048576K
}
Event: 1.498 GC heap after
{Heap after GC invocations=2 (full 0):
 garbage-first heap   total 131072K, used 10582K [0x00000000e0000000, 0x0000000100000000)
  region size 1024K, 1 young (1024K), 1 survivors (1024K)
 Metaspace       used 10348K, capacity 10618K, committed 10880K, reserved 1058816K
  class space    used 1046K, capacity 1144K, committed 1152K, reserved 1048576K
}
Event: 3.567 GC heap before
{Heap before GC invocations=2 (full 0):
 garbage-first heap   total 131072K, used 29014K [0x00000000e0000000, 0x0000000100000000)
  region size 1024K, 19 young (19456K), 1 survivors (1024K)
 Metaspace       used 14477K, capacity 14866K, committed 15104K, reserved 1062912K
  class space    used 1574K, capacity 1672K, committed 1792K, reserved 1048576K
}
Event: 3.607 GC heap after
{Heap after GC invocations=3 (full 0):
 garbage-first heap   total 131072K, used 11427K [0x00000000e0000000, 0x0000000100000000)
  region size 1024K, 2 young (2048K), 2 survivors (2048K)
 Metaspace       used 14477K, capacity 14866K, committed 15104K, reserved 1062912K
  class space    used 1574K, capacity 1672K, committed 1792K, reserved 1048576K
}
Event: 4.776 GC heap before
{Heap before GC invocations=3 (full 0):
 garbage-first heap   total 131072K, used 40099K [0x00000000e0000000, 0x0000000100000000)
  region size 1024K, 30 young (30720K), 2 survivors (2048K)
 Metaspace       used 17985K, capacity 18666K, committed 18944K, reserved 1067008K
  class space    used 2043K, capacity 2266K, committed 2304K, reserved 1048576K
}
Event: 4.782 GC heap after
{Heap after GC invocations=4 (full 0):
 garbage-first heap   total 131072K, used 12332K [0x00000000e0000000, 0x0000000100000000)
  region size 1024K, 3 young (3072K), 3 survivors (3072K)
 Metaspace       used 17985K, capacity 18666K, committed 18944K, reserved 1067008K
  class space    used 2043K, capacity 2266K, committed 2304K, reserved 1048576K
}
Event: 5.490 GC heap before
{Heap before GC invocations=4 (full 0):
 garbage-first heap   total 131072K, used 35884K [0x00000000e0000000, 0x0000000100000000)
  region size 1024K, 27 young (27648K), 3 survivors (3072K)
 Metaspace       used 20384K, capacity 21125K, committed 21296K, reserved 1069056K
  class space    used 2342K, capacity 2615K, committed 2688K, reserved 1048576K
}
Event: 5.495 GC heap after
{Heap after GC invocations=5 (full 0):
 garbage-first heap   total 131072K, used 13196K [0x00000000e0000000, 0x0000000100000000)
  region size 1024K, 4 young (4096K), 4 survivors (4096K)
 Metaspace       used 20384K, capacity 21125K, committed 21296K, reserved 1069056K
  class space    used 2342K, capacity 2615K, committed 2688K, reserved 1048576K
}
Event: 7.339 GC heap before
{Heap before GC invocations=6 (full 0):
 garbage-first heap   total 131072K, used 59276K [0x00000000e0000000, 0x0000000100000000)
  region size 1024K, 49 young (50176K), 4 survivors (4096K)
 Metaspace       used 26028K, capacity 26993K, committed 27312K, reserved 1073152K
  class space    used 3126K, capacity 3493K, committed 3584K, reserved 1048576K
}
Event: 7.346 GC heap after
{Heap after GC invocations=7 (full 0):
 garbage-first heap   total 131072K, used 14586K [0x00000000e0000000, 0x0000000100000000)
  region size 1024K, 5 young (5120K), 5 survivors (5120K)
 Metaspace       used 26028K, capacity 26993K, committed 27312K, reserved 1073152K
  class space    used 3126K, capacity 3493K, committed 3584K, reserved 1048576K
}

