# JRE version: OpenJDK Runtime Environment (11.0+28) (build 11+28)
# Java VM: OpenJDK 64-Bit Server VM (11+28, mixed mode, tiered, compressed oops, g1 gc, windows-amd64)
Heap:
 garbage-first heap   total 131072K, used 32000K [0x0000000081400000, 0x0000000100000000)
  region size 1024K, 23 young (23552K), 5 survivors (5120K)
 Metaspace       used 27707K, capacity 28597K, committed 28800K, reserved 1075200K
  class space    used 3289K, capacity 3650K, committed 3712K, reserved 1048576K
GC Heap History (10 events):
Event: 1.728 GC heap before
{Heap before GC invocations=1 (full 0):
 garbage-first heap   total 131072K, used 17210K [0x0000000081400000, 0x0000000100000000)
  region size 1024K, 9 young (9216K), 2 survivors (2048K)
 Metaspace       used 10799K, capacity 11110K, committed 11264K, reserved 1058816K
  class space    used 1042K, capacity 1155K, committed 1280K, reserved 1048576K
}
Event: 1.733 GC heap after
{Heap after GC invocations=2 (full 0):
 garbage-first heap   total 131072K, used 10510K [0x0000000081400000, 0x0000000100000000)
  region size 1024K, 1 young (1024K), 1 survivors (1024K)
 Metaspace       used 10799K, capacity 11110K, committed 11264K, reserved 1058816K
  class space    used 1042K, capacity 1155K, committed 1280K, reserved 1048576K
}
Event: 2.497 GC heap before
{Heap before GC invocations=2 (full 0):
 garbage-first heap   total 131072K, used 28942K [0x0000000081400000, 0x0000000100000000)
  region size 1024K, 19 young (19456K), 1 survivors (1024K)
 Metaspace       used 13573K, capacity 14078K, committed 14208K, reserved 1062912K
  class space    used 1410K, capacity 1594K, committed 1664K, reserved 1048576K
}
Event: 2.499 GC heap after
{Heap after GC invocations=3 (full 0):
 garbage-first heap   total 131072K, used 11065K [0x0000000081400000, 0x0000000100000000)
  region size 1024K, 1 young (1024K), 1 survivors (1024K)
 Metaspace       used 13573K, capacity 14078K, committed 14208K, reserved 1062912K
  class space    used 1410K, capacity 1594K, committed 1664K, reserved 1048576K
}
Event: 4.266 GC heap before
{Heap before GC invocations=3 (full 0):
 garbage-first heap   total 131072K, used 53049K [0x0000000081400000, 0x0000000100000000)
  region size 1024K, 42 young (43008K), 1 survivors (1024K)
 Metaspace       used 19458K, capacity 20149K, committed 20352K, reserved 1067008K
  class space    used 2119K, capacity 2386K, committed 2432K, reserved 1048576K
}
Event: 4.272 GC heap after
{Heap after GC invocations=4 (full 0):
 garbage-first heap   total 131072K, used 12798K [0x0000000081400000, 0x0000000100000000)
  region size 1024K, 3 young (3072K), 3 survivors (3072K)
 Metaspace       used 19458K, capacity 20149K, committed 20352K, reserved 1067008K
  class space    used 2119K, capacity 2386K, committed 2432K, reserved 1048576K
}
Event: 4.431 GC heap before
{Heap before GC invocations=4 (full 0):
 garbage-first heap   total 131072K, used 16894K [0x0000000081400000, 0x0000000100000000)
  region size 1024K, 8 young (8192K), 3 survivors (3072K)
 Metaspace       used 20457K, capacity 21150K, committed 21248K, reserved 1069056K
  class space    used 2223K, capacity 2485K, committed 2560K, reserved 1048576K
}
Event: 4.436 GC heap after
{Heap after GC invocations=5 (full 0):
 garbage-first heap   total 131072K, used 13156K [0x0000000081400000, 0x0000000100000000)
  region size 1024K, 3 young (3072K), 3 survivors (3072K)
 Metaspace       used 20457K, capacity 21150K, committed 21248K, reserved 1069056K
  class space    used 2223K, capacity 2485K, committed 2560K, reserved 1048576K
}
Event: 6.130 GC heap before
{Heap before GC invocations=6 (full 0):
 garbage-first heap   total 131072K, used 63332K [0x0000000081400000, 0x0000000100000000)
  region size 1024K, 52 young (53248K), 3 survivors (3072K)
 Metaspace       used 26029K, capacity 26981K, committed 27264K, reserved 1073152K
  class space    used 3036K, capacity 3409K, committed 3456K, reserved 1048576K
}
Event: 6.179 GC heap after
{Heap after GC invocations=7 (full 0):
 garbage-first heap   total 131072K, used 14592K [0x0000000081400000, 0x0000000100000000)
  region size 1024K, 5 young (5120K), 5 survivors (5120K)
 Metaspace       used 26029K, capacity 26981K, committed 27264K, reserved 1073152K
  class space    used 3036K, capacity 3409K, committed 3456K, reserved 1048576K
}

