# JRE version: OpenJDK Runtime Environment (11.0+28) (build 11+28)
# Java VM: OpenJDK 64-Bit Server VM (11+28, mixed mode, tiered, compressed oops, g1 gc, windows-amd64)
Heap:
 garbage-first heap   total 131072K, used 63161K [0x0000000081400000, 0x0000000100000000)
  region size 1024K, 54 young (55296K), 5 survivors (5120K)
 Metaspace       used 32438K, capacity 33353K, committed 33536K, reserved 1079296K
  class space    used 3914K, capacity 4281K, committed 4352K, reserved 1048576K
GC Heap History (10 events):
Event: 1.674 GC heap before
{Heap before GC invocations=1 (full 0):
 garbage-first heap   total 131072K, used 15753K [0x0000000081400000, 0x0000000100000000)
  region size 1024K, 8 young (8192K), 2 survivors (2048K)
 Metaspace       used 10707K, capacity 10992K, committed 11136K, reserved 1058816K
  class space    used 1027K, capacity 1115K, committed 1152K, reserved 1048576K
}
Event: 1.678 GC heap after
{Heap after GC invocations=2 (full 0):
 garbage-first heap   total 131072K, used 9997K [0x0000000081400000, 0x0000000100000000)
  region size 1024K, 1 young (1024K), 1 survivors (1024K)
 Metaspace       used 10707K, capacity 10992K, committed 11136K, reserved 1058816K
  class space    used 1027K, capacity 1115K, committed 1152K, reserved 1048576K
}
Event: 2.576 GC heap before
{Heap before GC invocations=2 (full 0):
 garbage-first heap   total 131072K, used 29453K [0x0000000081400000, 0x0000000100000000)
  region size 1024K, 20 young (20480K), 1 survivors (1024K)
 Metaspace       used 13587K, capacity 14143K, committed 14464K, reserved 1062912K
  class space    used 1406K, capacity 1594K, committed 1664K, reserved 1048576K
}
Event: 2.579 GC heap after
{Heap after GC invocations=3 (full 0):
 garbage-first heap   total 131072K, used 10630K [0x0000000081400000, 0x0000000100000000)
  region size 1024K, 1 young (1024K), 1 survivors (1024K)
 Metaspace       used 13587K, capacity 14143K, committed 14464K, reserved 1062912K
  class space    used 1406K, capacity 1594K, committed 1664K, reserved 1048576K
}
Event: 4.433 GC heap before
{Heap before GC invocations=3 (full 0):
 garbage-first heap   total 131072K, used 54662K [0x0000000081400000, 0x0000000100000000)
  region size 1024K, 44 young (45056K), 1 survivors (1024K)
 Metaspace       used 20179K, capacity 20923K, committed 21248K, reserved 1069056K
  class space    used 2190K, capacity 2453K, committed 2560K, reserved 1048576K
}
Event: 4.439 GC heap after
{Heap after GC invocations=4 (full 0):
 garbage-first heap   total 131072K, used 12451K [0x0000000081400000, 0x0000000100000000)
  region size 1024K, 3 young (3072K), 3 survivors (3072K)
 Metaspace       used 20179K, capacity 20923K, committed 21248K, reserved 1069056K
  class space    used 2190K, capacity 2453K, committed 2560K, reserved 1048576K
}
Event: 4.521 GC heap before
{Heap before GC invocations=4 (full 0):
 garbage-first heap   total 131072K, used 14499K [0x0000000081400000, 0x0000000100000000)
  region size 1024K, 6 young (6144K), 3 survivors (3072K)
 Metaspace       used 20482K, capacity 21153K, committed 21248K, reserved 1069056K
  class space    used 2223K, capacity 2486K, committed 2560K, reserved 1048576K
}
Event: 4.527 GC heap after
{Heap after GC invocations=5 (full 0):
 garbage-first heap   total 131072K, used 12594K [0x0000000081400000, 0x0000000100000000)
  region size 1024K, 3 young (3072K), 3 survivors (3072K)
 Metaspace       used 20482K, capacity 21153K, committed 21248K, reserved 1069056K
  class space    used 2223K, capacity 2486K, committed 2560K, reserved 1048576K
}
Event: 6.155 GC heap before
{Heap before GC invocations=6 (full 0):
 garbage-first heap   total 131072K, used 60722K [0x0000000081400000, 0x0000000100000000)
  region size 1024K, 51 young (52224K), 3 survivors (3072K)
 Metaspace       used 25961K, capacity 26898K, committed 27008K, reserved 1073152K
  class space    used 3039K, capacity 3406K, committed 3456K, reserved 1048576K
}
Event: 6.192 GC heap after
{Heap after GC invocations=7 (full 0):
 garbage-first heap   total 131072K, used 14009K [0x0000000081400000, 0x0000000100000000)
  region size 1024K, 5 young (5120K), 5 survivors (5120K)
 Metaspace       used 25961K, capacity 26898K, committed 27008K, reserved 1073152K
  class space    used 3039K, capacity 3406K, committed 3456K, reserved 1048576K
}

